[2020-03-19 16:18:44,493] [autoreload.py:576] [autoreload:run_with_reloader] [INFO]- Watching for file changes with StatReloader
[2020-03-19 16:21:37,776] [autoreload.py:576] [autoreload:run_with_reloader] [INFO]- Watching for file changes with StatReloader
[2020-03-19 16:22:46,105] [autoreload.py:576] [autoreload:run_with_reloader] [INFO]- Watching for file changes with StatReloader
[2020-03-19 16:23:44,629] [autoreload.py:576] [autoreload:run_with_reloader] [INFO]- Watching for file changes with StatReloader
[2020-03-19 16:23:48,015] [log.py:228] [log:log_response] [WARNING]- Not Found: /
[2020-03-19 16:23:48,018] [basehttp.py:154] [basehttp:log_message] [WARNING]- "GET / HTTP/1.1" 404 2035
[2020-03-19 16:23:48,162] [log.py:228] [log:log_response] [WARNING]- Not Found: /favicon.ico
[2020-03-19 16:23:48,163] [basehttp.py:154] [basehttp:log_message] [WARNING]- "GET /favicon.ico HTTP/1.1" 404 2086
[2020-03-19 16:23:48,168] [basehttp.py:154] [basehttp:log_message] [ERROR]- "GET /favicon.ico HTTP/1.1" 500 59
[2020-03-19 16:23:57,169] [basehttp.py:154] [basehttp:log_message] [INFO]- "GET /admin/ HTTP/1.1" 302 0
[2020-03-19 16:24:00,115] [basehttp.py:154] [basehttp:log_message] [INFO]- "GET /admin/login/?next=/admin/ HTTP/1.1" 200 1821
[2020-03-19 16:24:00,189] [basehttp.py:154] [basehttp:log_message] [INFO]- "GET /static/admin/css/base.css HTTP/1.1" 304 0
[2020-03-19 16:24:00,190] [basehttp.py:154] [basehttp:log_message] [INFO]- "GET /static/admin/css/responsive.css HTTP/1.1" 304 0
[2020-03-19 16:24:00,190] [basehttp.py:154] [basehttp:log_message] [INFO]- "GET /static/admin/css/login.css HTTP/1.1" 304 0
[2020-03-19 16:24:00,202] [basehttp.py:154] [basehttp:log_message] [INFO]- "GET /static/admin/css/fonts.css HTTP/1.1" 200 423
[2020-03-19 16:24:00,239] [basehttp.py:154] [basehttp:log_message] [INFO]- "GET /static/admin/fonts/Roboto-Regular-webfont.woff HTTP/1.1" 200 85876
[2020-03-19 16:24:00,248] [basehttp.py:154] [basehttp:log_message] [INFO]- "GET /static/admin/fonts/Roboto-Light-webfont.woff HTTP/1.1" 200 85692
[2020-03-19 16:24:10,317] [log.py:228] [log:log_response] [WARNING]- Not Found: /
[2020-03-19 16:24:10,318] [basehttp.py:154] [basehttp:log_message] [WARNING]- "GET / HTTP/1.1" 404 2035
[2020-03-19 16:24:18,205] [views.py:7] [views:testhtml] [INFO]- info的测试！
[2020-03-19 16:24:18,206] [views.py:8] [views:testhtml] [ERROR]- error的测试！
[2020-03-19 16:24:18,264] [basehttp.py:154] [basehttp:log_message] [INFO]- "GET /testhtml HTTP/1.1" 200 170
[2020-03-19 16:25:24,080] [autoreload.py:576] [autoreload:run_with_reloader] [INFO]- Watching for file changes with StatReloader
